<?xml version="1.0" encoding="UTF-8"?>
<testng-results skipped="0" failed="0" ignored="0" total="3" passed="3">
  <reporter-output>
  </reporter-output>
  <suite name="Default suite" duration-ms="180" started-at="2020-09-08T07:14:16Z" finished-at="2020-09-08T07:14:16Z">
    <groups>
    </groups>
    <test name="Default test" duration-ms="180" started-at="2020-09-08T07:14:16Z" finished-at="2020-09-08T07:14:16Z">
      <class name="pageObjects.NewTest">
        <test-method status="PASS" signature="beforeSuite()[pri:0, instance:pageObjects.NewTest@3c72f59f]" name="beforeSuite" is-config="true" duration-ms="37" started-at="2020-09-08T07:14:16Z" finished-at="2020-09-08T07:14:16Z">
          <reporter-output>
          </reporter-output>
        </test-method> <!-- beforeSuite -->
        <test-method status="PASS" signature="beforeTest()[pri:0, instance:pageObjects.NewTest@3c72f59f]" name="beforeTest" is-config="true" duration-ms="1" started-at="2020-09-08T07:14:16Z" finished-at="2020-09-08T07:14:16Z">
          <reporter-output>
          </reporter-output>
        </test-method> <!-- beforeTest -->
        <test-method status="PASS" signature="beforeClass()[pri:0, instance:pageObjects.NewTest@3c72f59f]" name="beforeClass" is-config="true" duration-ms="2" started-at="2020-09-08T07:14:16Z" finished-at="2020-09-08T07:14:16Z">
          <reporter-output>
          </reporter-output>
        </test-method> <!-- beforeClass -->
        <test-method status="PASS" signature="beforeMethod()[pri:0, instance:pageObjects.NewTest@3c72f59f]" name="beforeMethod" is-config="true" duration-ms="1" started-at="2020-09-08T07:14:16Z" finished-at="2020-09-08T07:14:16Z">
          <reporter-output>
          </reporter-output>
        </test-method> <!-- beforeMethod -->
        <test-method status="PASS" signature="beforeMethod1()[pri:0, instance:pageObjects.NewTest@3c72f59f]" name="beforeMethod1" is-config="true" duration-ms="1" started-at="2020-09-08T07:14:16Z" finished-at="2020-09-08T07:14:16Z">
          <reporter-output>
          </reporter-output>
        </test-method> <!-- beforeMethod1 -->
        <test-method status="PASS" signature="testCase1()[pri:0, instance:pageObjects.NewTest@3c72f59f]" name="testCase1" duration-ms="26" started-at="2020-09-08T07:14:16Z" finished-at="2020-09-08T07:14:16Z">
          <reporter-output>
          </reporter-output>
        </test-method> <!-- testCase1 -->
        <test-method status="PASS" signature="afterMethod()[pri:0, instance:pageObjects.NewTest@3c72f59f]" name="afterMethod" is-config="true" duration-ms="4" started-at="2020-09-08T07:14:16Z" finished-at="2020-09-08T07:14:16Z">
          <reporter-output>
          </reporter-output>
        </test-method> <!-- afterMethod -->
        <test-method status="PASS" signature="beforeMethod1()[pri:0, instance:pageObjects.NewTest@3c72f59f]" name="beforeMethod1" is-config="true" duration-ms="1" started-at="2020-09-08T07:14:16Z" finished-at="2020-09-08T07:14:16Z">
          <reporter-output>
          </reporter-output>
        </test-method> <!-- beforeMethod1 -->
        <test-method status="PASS" signature="beforeMethod()[pri:0, instance:pageObjects.NewTest@3c72f59f]" name="beforeMethod" is-config="true" duration-ms="0" started-at="2020-09-08T07:14:16Z" finished-at="2020-09-08T07:14:16Z">
          <reporter-output>
          </reporter-output>
        </test-method> <!-- beforeMethod -->
        <test-method status="PASS" signature="testCase2()[pri:0, instance:pageObjects.NewTest@3c72f59f]" name="testCase2" duration-ms="5" started-at="2020-09-08T07:14:16Z" finished-at="2020-09-08T07:14:16Z">
          <reporter-output>
          </reporter-output>
        </test-method> <!-- testCase2 -->
        <test-method status="PASS" signature="afterMethod()[pri:0, instance:pageObjects.NewTest@3c72f59f]" name="afterMethod" is-config="true" duration-ms="1" started-at="2020-09-08T07:14:16Z" finished-at="2020-09-08T07:14:16Z">
          <reporter-output>
          </reporter-output>
        </test-method> <!-- afterMethod -->
        <test-method status="PASS" signature="beforeMethod()[pri:0, instance:pageObjects.NewTest@3c72f59f]" name="beforeMethod" is-config="true" duration-ms="1" started-at="2020-09-08T07:14:16Z" finished-at="2020-09-08T07:14:16Z">
          <reporter-output>
          </reporter-output>
        </test-method> <!-- beforeMethod -->
        <test-method status="PASS" signature="testCase3()[pri:0, instance:pageObjects.NewTest@3c72f59f]" name="testCase3" duration-ms="6" started-at="2020-09-08T07:14:16Z" finished-at="2020-09-08T07:14:16Z">
          <reporter-output>
          </reporter-output>
        </test-method> <!-- testCase3 -->
        <test-method status="PASS" signature="beforeMethod1()[pri:0, instance:pageObjects.NewTest@3c72f59f]" name="beforeMethod1" is-config="true" duration-ms="0" started-at="2020-09-08T07:14:16Z" finished-at="2020-09-08T07:14:16Z">
          <reporter-output>
          </reporter-output>
        </test-method> <!-- beforeMethod1 -->
        <test-method status="PASS" signature="afterMethod()[pri:0, instance:pageObjects.NewTest@3c72f59f]" name="afterMethod" is-config="true" duration-ms="7" started-at="2020-09-08T07:14:16Z" finished-at="2020-09-08T07:14:16Z">
          <reporter-output>
          </reporter-output>
        </test-method> <!-- afterMethod -->
        <test-method status="PASS" signature="afterClass()[pri:0, instance:pageObjects.NewTest@3c72f59f]" name="afterClass" is-config="true" duration-ms="2" started-at="2020-09-08T07:14:16Z" finished-at="2020-09-08T07:14:16Z">
          <reporter-output>
          </reporter-output>
        </test-method> <!-- afterClass -->
        <test-method status="PASS" signature="afterTest()[pri:0, instance:pageObjects.NewTest@3c72f59f]" name="afterTest" is-config="true" duration-ms="2" started-at="2020-09-08T07:14:16Z" finished-at="2020-09-08T07:14:16Z">
          <reporter-output>
          </reporter-output>
        </test-method> <!-- afterTest -->
        <test-method status="PASS" signature="afterSuite()[pri:0, instance:pageObjects.NewTest@3c72f59f]" name="afterSuite" is-config="true" duration-ms="1" started-at="2020-09-08T07:14:17Z" finished-at="2020-09-08T07:14:17Z">
          <reporter-output>
          </reporter-output>
        </test-method> <!-- afterSuite -->
      </class> <!-- pageObjects.NewTest -->
    </test> <!-- Default test -->
  </suite> <!-- Default suite -->
</testng-results>
