<?xml version="1.0" encoding="UTF-8"?>
<!-- Generated by org.testng.reporters.JUnitXMLReporter -->
<testsuite hostname="DESKTOP-U0CN59R" ignored="0" name="Default test" tests="3" failures="0" timestamp="08 Sep 2020 07:14:17 GMT" time="0.18" errors="0">
  <testcase name="testCase1" time="0.026" classname="pageObjects.NewTest"/>
  <testcase name="testCase2" time="0.005" classname="pageObjects.NewTest"/>
  <testcase name="testCase3" time="0.006" classname="pageObjects.NewTest"/>
</testsuite> <!-- Default test -->
